<?xml version="1.0" encoding="UTF-8"?>
<!-- Generated by org.testng.reporters.JUnitReportReporter -->
<testsuite skipped="0" hostname="QAPPS02" name="com.TestNG_Dependency_dependsOnGroups.Demo_DependsOnGroups_in_TestNG" tests="4" failures="0" timestamp="31 Aug 2019 12:41:35 GMT" time="51.074" errors="0">
  <testcase name="AlertIsPresent" time="12.617" classname="com.TestNG_Dependency_dependsOnGroups.Demo_DependsOnGroups_in_TestNG"/>
  <testcase name="Drag_and_Drop" time="7.371" classname="com.TestNG_Dependency_dependsOnGroups.Demo_DependsOnGroups_in_TestNG"/>
  <testcase name="Dynamically_Identify_Tables_Data" time="14.920" classname="com.TestNG_Dependency_dependsOnGroups.Demo_DependsOnGroups_in_TestNG"/>
  <testcase name="Simple_Alert" time="16.166" classname="com.TestNG_Dependency_dependsOnGroups.Demo_DependsOnGroups_in_TestNG"/>
</testsuite> <!-- com.TestNG_Dependency_dependsOnGroups.Demo_DependsOnGroups_in_TestNG -->
